Build started 19.6.2014 г. 18:53:21 ч..
     1>Project "D:\PROJECTS\floyd\floyd\floyd.vcxproj" on node 2 (Build target(s)).
     1>ClCompile:
         C:\Program Files (x86)\Microsoft Visual Studio 11.0\VC\bin\CL.exe /c /ZI /nologo /W4 /WX- /Od /Oy- /D WIN32 /D _DEBUG /D _CONSOLE /D _UNICODE /D UNICODE /Gm /EHsc /RTC1 /MDd /GS /fp:precise /Zc:wchar_t /Zc:forScope /Fo"Debug\\" /Fd"Debug\vc110.pdb" /Gd /TP /analyze- /errorReport:prompt Boss.cpp Hero.cpp Item.cpp Level.cpp Main.cpp Monster.cpp Particle.cpp Scripts.cpp Skill.cpp Utils.cpp World.cpp
         Monster.cpp
         Hero.cpp
         Boss.cpp
     1>d:\projects\floyd\floyd\boss.cpp(60): warning C4100: 'world' : unreferenced formal parameter
         Generating Code...
         Compiling...
         World.cpp
         Utils.cpp
         Skill.cpp
         Scripts.cpp
     1>d:\projects\floyd\floyd\scripts.cpp(9): warning C4100: 'world' : unreferenced formal parameter
         Particle.cpp
         Main.cpp
         Level.cpp
     1>d:\projects\floyd\floyd\level.cpp(517): warning C4018: '<=' : signed/unsigned mismatch
         Item.cpp
         Generating Code...
       Link:
         C:\Program Files (x86)\Microsoft Visual Studio 11.0\VC\bin\link.exe /ERRORREPORT:PROMPT /OUT:"D:\PROJECTS\floyd\floyd\Debug\floyd.exe" /INCREMENTAL /NOLOGO kernel32.lib user32.lib gdi32.lib winspool.lib comdlg32.lib advapi32.lib shell32.lib ole32.lib oleaut32.lib uuid.lib odbc32.lib odbccp32.lib /MANIFEST /MANIFESTUAC:"level='asInvoker' uiAccess='false'" /manifest:embed /DEBUG /PDB:"D:\PROJECTS\floyd\floyd\Debug\floyd.pdb" /SUBSYSTEM:CONSOLE /TLBID:1 /DYNAMICBASE /NXCOMPAT /IMPLIB:"D:\PROJECTS\floyd\floyd\Debug\floyd.lib" /MACHINE:X86 Debug\Boss.obj
         Debug\Hero.obj
         Debug\Item.obj
         Debug\Level.obj
         Debug\Main.obj
         Debug\Monster.obj
         Debug\Particle.obj
         Debug\Scripts.obj
         Debug\Skill.obj
         Debug\Utils.obj
         Debug\World.obj
         floyd.vcxproj -> D:\PROJECTS\floyd\floyd\Debug\floyd.exe
     1>Done Building Project "D:\PROJECTS\floyd\floyd\floyd.vcxproj" (Build target(s)).

Build succeeded.

Time Elapsed 00:00:47.88
